05-Jul-2023 10:50:02.845 INFO [main] org.apache.catalina.core.ApplicationContext.log No Spring WebApplicationInitializer types detected on classpath
05-Jul-2023 10:50:02.874 INFO [main] org.apache.catalina.core.ApplicationContext.log Initializing Spring root WebApplicationContext
05-Jul-2023 10:50:38.741 INFO [main] org.apache.catalina.core.ApplicationContext.log org.tuckey.web.filters.urlrewrite.UrlRewriteFilter INFO: loaded (conf ok)
05-Jul-2023 10:50:38.863 INFO [main] org.apache.catalina.core.ApplicationContext.log Initializing Spring DispatcherServlet 'Spring Surf Dispatcher Servlet'
05-Jul-2023 10:55:34.215 INFO [Thread-16] org.apache.catalina.core.ApplicationContext.log Destroying Spring FrameworkServlet 'Spring Surf Dispatcher Servlet'
05-Jul-2023 10:55:34.237 INFO [Thread-16] org.apache.catalina.core.ApplicationContext.log org.tuckey.web.filters.urlrewrite.UrlRewriteFilter INFO: destroy called
05-Jul-2023 10:55:34.238 INFO [Thread-16] org.apache.catalina.core.ApplicationContext.log Closing Spring root WebApplicationContext
05-Jul-2023 11:04:24.527 INFO [main] org.apache.catalina.core.ApplicationContext.log No Spring WebApplicationInitializer types detected on classpath
05-Jul-2023 11:04:24.565 INFO [main] org.apache.catalina.core.ApplicationContext.log Initializing Spring root WebApplicationContext
05-Jul-2023 11:04:49.229 INFO [main] org.apache.catalina.core.ApplicationContext.log org.tuckey.web.filters.urlrewrite.UrlRewriteFilter INFO: loaded (conf ok)
05-Jul-2023 11:04:49.303 INFO [main] org.apache.catalina.core.ApplicationContext.log Initializing Spring DispatcherServlet 'Spring Surf Dispatcher Servlet'
05-Jul-2023 11:08:42.891 INFO [Thread-16] org.apache.catalina.core.ApplicationContext.log Destroying Spring FrameworkServlet 'Spring Surf Dispatcher Servlet'
05-Jul-2023 11:08:42.926 INFO [Thread-16] org.apache.catalina.core.ApplicationContext.log org.tuckey.web.filters.urlrewrite.UrlRewriteFilter INFO: destroy called
05-Jul-2023 11:08:42.926 INFO [Thread-16] org.apache.catalina.core.ApplicationContext.log Closing Spring root WebApplicationContext
05-Jul-2023 11:15:50.832 INFO [main] org.apache.catalina.core.ApplicationContext.log No Spring WebApplicationInitializer types detected on classpath
05-Jul-2023 11:15:50.857 INFO [main] org.apache.catalina.core.ApplicationContext.log Initializing Spring root WebApplicationContext
05-Jul-2023 11:16:29.277 INFO [main] org.apache.catalina.core.ApplicationContext.log org.tuckey.web.filters.urlrewrite.UrlRewriteFilter INFO: loaded (conf ok)
05-Jul-2023 11:16:29.372 INFO [main] org.apache.catalina.core.ApplicationContext.log Initializing Spring DispatcherServlet 'Spring Surf Dispatcher Servlet'
05-Jul-2023 11:41:50.405 INFO [Thread-16] org.apache.catalina.core.ApplicationContext.log Destroying Spring FrameworkServlet 'Spring Surf Dispatcher Servlet'
05-Jul-2023 11:41:50.923 INFO [Thread-16] org.apache.catalina.core.ApplicationContext.log org.tuckey.web.filters.urlrewrite.UrlRewriteFilter INFO: destroy called
05-Jul-2023 11:41:50.933 INFO [Thread-16] org.apache.catalina.core.ApplicationContext.log Closing Spring root WebApplicationContext
05-Jul-2023 11:47:02.228 INFO [main] org.apache.catalina.core.ApplicationContext.log No Spring WebApplicationInitializer types detected on classpath
05-Jul-2023 11:47:02.268 INFO [main] org.apache.catalina.core.ApplicationContext.log Initializing Spring root WebApplicationContext
05-Jul-2023 11:47:38.383 INFO [main] org.apache.catalina.core.ApplicationContext.log org.tuckey.web.filters.urlrewrite.UrlRewriteFilter INFO: loaded (conf ok)
05-Jul-2023 11:47:38.455 INFO [main] org.apache.catalina.core.ApplicationContext.log Initializing Spring DispatcherServlet 'Spring Surf Dispatcher Servlet'
05-Jul-2023 12:01:48.596 INFO [Thread-16] org.apache.catalina.core.ApplicationContext.log Destroying Spring FrameworkServlet 'Spring Surf Dispatcher Servlet'
05-Jul-2023 12:01:48.800 INFO [Thread-16] org.apache.catalina.core.ApplicationContext.log org.tuckey.web.filters.urlrewrite.UrlRewriteFilter INFO: destroy called
05-Jul-2023 12:01:48.816 INFO [Thread-16] org.apache.catalina.core.ApplicationContext.log Closing Spring root WebApplicationContext
05-Jul-2023 12:03:23.325 INFO [main] org.apache.catalina.core.ApplicationContext.log No Spring WebApplicationInitializer types detected on classpath
05-Jul-2023 12:03:23.364 INFO [main] org.apache.catalina.core.ApplicationContext.log Initializing Spring root WebApplicationContext
05-Jul-2023 12:03:46.591 INFO [main] org.apache.catalina.core.ApplicationContext.log org.tuckey.web.filters.urlrewrite.UrlRewriteFilter INFO: loaded (conf ok)
05-Jul-2023 12:03:46.667 INFO [main] org.apache.catalina.core.ApplicationContext.log Initializing Spring DispatcherServlet 'Spring Surf Dispatcher Servlet'
05-Jul-2023 12:06:51.525 INFO [main] org.apache.catalina.core.ApplicationContext.log No Spring WebApplicationInitializer types detected on classpath
05-Jul-2023 12:06:51.549 INFO [main] org.apache.catalina.core.ApplicationContext.log Initializing Spring root WebApplicationContext
05-Jul-2023 12:07:14.737 INFO [main] org.apache.catalina.core.ApplicationContext.log org.tuckey.web.filters.urlrewrite.UrlRewriteFilter INFO: loaded (conf ok)
05-Jul-2023 12:07:14.785 INFO [main] org.apache.catalina.core.ApplicationContext.log Initializing Spring DispatcherServlet 'Spring Surf Dispatcher Servlet'
05-Jul-2023 12:22:28.047 INFO [main] org.apache.catalina.core.ApplicationContext.log No Spring WebApplicationInitializer types detected on classpath
05-Jul-2023 12:22:28.083 INFO [main] org.apache.catalina.core.ApplicationContext.log Initializing Spring root WebApplicationContext
05-Jul-2023 12:22:50.507 INFO [main] org.apache.catalina.core.ApplicationContext.log org.tuckey.web.filters.urlrewrite.UrlRewriteFilter INFO: loaded (conf ok)
05-Jul-2023 12:22:50.587 INFO [main] org.apache.catalina.core.ApplicationContext.log Initializing Spring DispatcherServlet 'Spring Surf Dispatcher Servlet'
05-Jul-2023 12:22:51.297 INFO [main] org.apache.catalina.core.ApplicationContext.log Destroying Spring FrameworkServlet 'Spring Surf Dispatcher Servlet'
05-Jul-2023 12:22:51.312 INFO [main] org.apache.catalina.core.ApplicationContext.log org.tuckey.web.filters.urlrewrite.UrlRewriteFilter INFO: destroy called
05-Jul-2023 12:22:51.312 INFO [main] org.apache.catalina.core.ApplicationContext.log Closing Spring root WebApplicationContext
05-Jul-2023 12:46:25.483 INFO [main] org.apache.catalina.core.ApplicationContext.log No Spring WebApplicationInitializer types detected on classpath
05-Jul-2023 12:46:25.509 INFO [main] org.apache.catalina.core.ApplicationContext.log Initializing Spring root WebApplicationContext
05-Jul-2023 12:46:50.578 INFO [main] org.apache.catalina.core.ApplicationContext.log org.tuckey.web.filters.urlrewrite.UrlRewriteFilter INFO: loaded (conf ok)
05-Jul-2023 12:46:50.688 INFO [main] org.apache.catalina.core.ApplicationContext.log Initializing Spring DispatcherServlet 'Spring Surf Dispatcher Servlet'
05-Jul-2023 12:47:13.594 INFO [Thread-16] org.apache.catalina.core.ApplicationContext.log Destroying Spring FrameworkServlet 'Spring Surf Dispatcher Servlet'
05-Jul-2023 12:47:13.620 INFO [Thread-16] org.apache.catalina.core.ApplicationContext.log org.tuckey.web.filters.urlrewrite.UrlRewriteFilter INFO: destroy called
05-Jul-2023 12:47:13.621 INFO [Thread-16] org.apache.catalina.core.ApplicationContext.log Closing Spring root WebApplicationContext
05-Jul-2023 14:40:31.172 INFO [main] org.apache.catalina.core.ApplicationContext.log No Spring WebApplicationInitializer types detected on classpath
05-Jul-2023 14:40:31.199 INFO [main] org.apache.catalina.core.ApplicationContext.log Initializing Spring root WebApplicationContext
05-Jul-2023 14:40:52.576 INFO [main] org.apache.catalina.core.ApplicationContext.log org.tuckey.web.filters.urlrewrite.UrlRewriteFilter INFO: loaded (conf ok)
05-Jul-2023 14:40:52.643 INFO [main] org.apache.catalina.core.ApplicationContext.log Initializing Spring DispatcherServlet 'Spring Surf Dispatcher Servlet'
05-Jul-2023 14:47:28.842 INFO [Thread-53] org.apache.catalina.core.ApplicationContext.log Destroying Spring FrameworkServlet 'Spring Surf Dispatcher Servlet'
05-Jul-2023 14:47:28.858 INFO [Thread-53] org.apache.catalina.core.ApplicationContext.log org.tuckey.web.filters.urlrewrite.UrlRewriteFilter INFO: destroy called
05-Jul-2023 14:47:28.879 INFO [Thread-53] org.apache.catalina.core.ApplicationContext.log Closing Spring root WebApplicationContext
05-Jul-2023 15:09:55.051 INFO [main] org.apache.catalina.core.ApplicationContext.log No Spring WebApplicationInitializer types detected on classpath
05-Jul-2023 15:09:55.080 INFO [main] org.apache.catalina.core.ApplicationContext.log Initializing Spring root WebApplicationContext
05-Jul-2023 15:10:07.760 SEVERE [main] org.apache.catalina.core.StandardContext.listenerStart Exception sending context initialized event to listener instance of class [org.springframework.web.context.ContextLoaderListener]
	org.springframework.beans.factory.BeanCreationException: Error creating bean with name 'ootbee-support-tools.contentStreamer': Lookup method resolution failed; nested exception is java.lang.IllegalStateException: Failed to introspect Class [org.orderofthebee.addons.support.tools.share.ContentStreamer] from ClassLoader [ParallelWebappClassLoader
  context: share
  delegate: false
----------> Parent Classloader:
java.net.URLClassLoader@6d21714c
]
		at org.springframework.beans.factory.annotation.AutowiredAnnotationBeanPostProcessor.determineCandidateConstructors(AutowiredAnnotationBeanPostProcessor.java:289)
		at org.springframework.beans.factory.support.AbstractAutowireCapableBeanFactory.determineConstructorsFromBeanPostProcessors(AbstractAutowireCapableBeanFactory.java:1302)
		at org.springframework.beans.factory.support.AbstractAutowireCapableBeanFactory.createBeanInstance(AbstractAutowireCapableBeanFactory.java:1219)
		at org.springframework.beans.factory.support.AbstractAutowireCapableBeanFactory.doCreateBean(AbstractAutowireCapableBeanFactory.java:582)
		at org.springframework.beans.factory.support.AbstractAutowireCapableBeanFactory.createBean(AbstractAutowireCapableBeanFactory.java:542)
		at org.springframework.beans.factory.support.AbstractBeanFactory.lambda$doGetBean$0(AbstractBeanFactory.java:335)
		at org.springframework.beans.factory.support.DefaultSingletonBeanRegistry.getSingleton(DefaultSingletonBeanRegistry.java:234)
		at org.springframework.beans.factory.support.AbstractBeanFactory.doGetBean(AbstractBeanFactory.java:333)
		at org.springframework.beans.factory.support.AbstractBeanFactory.getBean(AbstractBeanFactory.java:208)
		at org.springframework.beans.factory.support.DefaultListableBeanFactory.preInstantiateSingletons(DefaultListableBeanFactory.java:955)
		at org.springframework.context.support.AbstractApplicationContext.finishBeanFactoryInitialization(AbstractApplicationContext.java:920)
		at org.springframework.context.support.AbstractApplicationContext.refresh(AbstractApplicationContext.java:583)
		at org.springframework.web.context.ContextLoader.configureAndRefreshWebApplicationContext(ContextLoader.java:401)
		at org.springframework.web.context.ContextLoader.initWebApplicationContext(ContextLoader.java:292)
		at org.springframework.web.context.ContextLoaderListener.contextInitialized(ContextLoaderListener.java:103)
		at org.apache.catalina.core.StandardContext.listenerStart(StandardContext.java:4494)
		at org.apache.catalina.core.StandardContext.startInternal(StandardContext.java:4946)
		at org.apache.catalina.util.LifecycleBase.start(LifecycleBase.java:183)
		at org.apache.catalina.core.ContainerBase.addChildInternal(ContainerBase.java:683)
		at org.apache.catalina.core.ContainerBase.addChild(ContainerBase.java:658)
		at org.apache.catalina.core.StandardHost.addChild(StandardHost.java:662)
		at org.apache.catalina.startup.HostConfig.deployDescriptor(HostConfig.java:689)
		at org.apache.catalina.startup.HostConfig$DeployDescriptor.run(HostConfig.java:1888)
		at java.base/java.util.concurrent.Executors$RunnableAdapter.call(Executors.java:539)
		at java.base/java.util.concurrent.FutureTask.run(FutureTask.java:264)
		at org.apache.tomcat.util.threads.InlineExecutorService.execute(InlineExecutorService.java:75)
		at java.base/java.util.concurrent.AbstractExecutorService.submit(AbstractExecutorService.java:123)
		at org.apache.catalina.startup.HostConfig.deployDescriptors(HostConfig.java:582)
		at org.apache.catalina.startup.HostConfig.deployApps(HostConfig.java:472)
		at org.apache.catalina.startup.HostConfig.start(HostConfig.java:1617)
		at org.apache.catalina.startup.HostConfig.lifecycleEvent(HostConfig.java:318)
		at org.apache.catalina.util.LifecycleBase.fireLifecycleEvent(LifecycleBase.java:123)
		at org.apache.catalina.util.LifecycleBase.setStateInternal(LifecycleBase.java:423)
		at org.apache.catalina.util.LifecycleBase.setState(LifecycleBase.java:366)
		at org.apache.catalina.core.ContainerBase.startInternal(ContainerBase.java:898)
		at org.apache.catalina.core.StandardHost.startInternal(StandardHost.java:795)
		at org.apache.catalina.util.LifecycleBase.start(LifecycleBase.java:183)
		at org.apache.catalina.core.ContainerBase$StartChild.call(ContainerBase.java:1332)
		at org.apache.catalina.core.ContainerBase$StartChild.call(ContainerBase.java:1322)
		at java.base/java.util.concurrent.FutureTask.run(FutureTask.java:264)
		at org.apache.tomcat.util.threads.InlineExecutorService.execute(InlineExecutorService.java:75)
		at java.base/java.util.concurrent.AbstractExecutorService.submit(AbstractExecutorService.java:145)
		at org.apache.catalina.core.ContainerBase.startInternal(ContainerBase.java:871)
		at org.apache.catalina.core.StandardEngine.startInternal(StandardEngine.java:249)
		at org.apache.catalina.util.LifecycleBase.start(LifecycleBase.java:183)
		at org.apache.catalina.core.StandardService.startInternal(StandardService.java:428)
		at org.apache.catalina.util.LifecycleBase.start(LifecycleBase.java:183)
		at org.apache.catalina.core.StandardServer.startInternal(StandardServer.java:914)
		at org.apache.catalina.util.LifecycleBase.start(LifecycleBase.java:183)
		at org.apache.catalina.startup.Catalina.start(Catalina.java:772)
		at java.base/jdk.internal.reflect.NativeMethodAccessorImpl.invoke0(Native Method)
		at java.base/jdk.internal.reflect.NativeMethodAccessorImpl.invoke(NativeMethodAccessorImpl.java:77)
		at java.base/jdk.internal.reflect.DelegatingMethodAccessorImpl.invoke(DelegatingMethodAccessorImpl.java:43)
		at java.base/java.lang.reflect.Method.invoke(Method.java:568)
		at org.apache.catalina.startup.Bootstrap.start(Bootstrap.java:347)
		at org.apache.catalina.startup.Bootstrap.main(Bootstrap.java:478)
	Caused by: java.lang.IllegalStateException: Failed to introspect Class [org.orderofthebee.addons.support.tools.share.ContentStreamer] from ClassLoader [ParallelWebappClassLoader
  context: share
  delegate: false
----------> Parent Classloader:
java.net.URLClassLoader@6d21714c
]
		at org.springframework.util.ReflectionUtils.getDeclaredMethods(ReflectionUtils.java:485)
		at org.springframework.util.ReflectionUtils.doWithLocalMethods(ReflectionUtils.java:321)
		at org.springframework.beans.factory.annotation.AutowiredAnnotationBeanPostProcessor.determineCandidateConstructors(AutowiredAnnotationBeanPostProcessor.java:267)
		... 55 more
	Caused by: java.lang.NoClassDefFoundError: org/apache/log4j/Logger
		at java.base/java.lang.Class.getDeclaredMethods0(Native Method)
		at java.base/java.lang.Class.privateGetDeclaredMethods(Class.java:3402)
		at java.base/java.lang.Class.getDeclaredMethods(Class.java:2504)
		at org.springframework.util.ReflectionUtils.getDeclaredMethods(ReflectionUtils.java:467)
		... 57 more
	Caused by: java.lang.ClassNotFoundException: org.apache.log4j.Logger
		at org.apache.catalina.loader.WebappClassLoaderBase.loadClass(WebappClassLoaderBase.java:1412)
		at org.apache.catalina.loader.WebappClassLoaderBase.loadClass(WebappClassLoaderBase.java:1220)
		... 61 more
05-Jul-2023 15:10:07.768 INFO [main] org.apache.catalina.core.ApplicationContext.log Closing Spring root WebApplicationContext
05-Jul-2023 15:21:06.252 INFO [main] org.apache.catalina.core.ApplicationContext.log No Spring WebApplicationInitializer types detected on classpath
05-Jul-2023 15:21:06.278 INFO [main] org.apache.catalina.core.ApplicationContext.log Initializing Spring root WebApplicationContext
05-Jul-2023 15:21:18.384 SEVERE [main] org.apache.catalina.core.StandardContext.listenerStart Exception sending context initialized event to listener instance of class [org.springframework.web.context.ContextLoaderListener]
	org.springframework.beans.factory.BeanCreationException: Error creating bean with name 'ootbee-support-tools.contentStreamer': Lookup method resolution failed; nested exception is java.lang.IllegalStateException: Failed to introspect Class [org.orderofthebee.addons.support.tools.share.ContentStreamer] from ClassLoader [ParallelWebappClassLoader
  context: share
  delegate: false
----------> Parent Classloader:
java.net.URLClassLoader@6d21714c
]
		at org.springframework.beans.factory.annotation.AutowiredAnnotationBeanPostProcessor.determineCandidateConstructors(AutowiredAnnotationBeanPostProcessor.java:289)
		at org.springframework.beans.factory.support.AbstractAutowireCapableBeanFactory.determineConstructorsFromBeanPostProcessors(AbstractAutowireCapableBeanFactory.java:1302)
		at org.springframework.beans.factory.support.AbstractAutowireCapableBeanFactory.createBeanInstance(AbstractAutowireCapableBeanFactory.java:1219)
		at org.springframework.beans.factory.support.AbstractAutowireCapableBeanFactory.doCreateBean(AbstractAutowireCapableBeanFactory.java:582)
		at org.springframework.beans.factory.support.AbstractAutowireCapableBeanFactory.createBean(AbstractAutowireCapableBeanFactory.java:542)
		at org.springframework.beans.factory.support.AbstractBeanFactory.lambda$doGetBean$0(AbstractBeanFactory.java:335)
		at org.springframework.beans.factory.support.DefaultSingletonBeanRegistry.getSingleton(DefaultSingletonBeanRegistry.java:234)
		at org.springframework.beans.factory.support.AbstractBeanFactory.doGetBean(AbstractBeanFactory.java:333)
		at org.springframework.beans.factory.support.AbstractBeanFactory.getBean(AbstractBeanFactory.java:208)
		at org.springframework.beans.factory.support.DefaultListableBeanFactory.preInstantiateSingletons(DefaultListableBeanFactory.java:955)
		at org.springframework.context.support.AbstractApplicationContext.finishBeanFactoryInitialization(AbstractApplicationContext.java:920)
		at org.springframework.context.support.AbstractApplicationContext.refresh(AbstractApplicationContext.java:583)
		at org.springframework.web.context.ContextLoader.configureAndRefreshWebApplicationContext(ContextLoader.java:401)
		at org.springframework.web.context.ContextLoader.initWebApplicationContext(ContextLoader.java:292)
		at org.springframework.web.context.ContextLoaderListener.contextInitialized(ContextLoaderListener.java:103)
		at org.apache.catalina.core.StandardContext.listenerStart(StandardContext.java:4494)
		at org.apache.catalina.core.StandardContext.startInternal(StandardContext.java:4946)
		at org.apache.catalina.util.LifecycleBase.start(LifecycleBase.java:183)
		at org.apache.catalina.core.ContainerBase.addChildInternal(ContainerBase.java:683)
		at org.apache.catalina.core.ContainerBase.addChild(ContainerBase.java:658)
		at org.apache.catalina.core.StandardHost.addChild(StandardHost.java:662)
		at org.apache.catalina.startup.HostConfig.deployDescriptor(HostConfig.java:689)
		at org.apache.catalina.startup.HostConfig$DeployDescriptor.run(HostConfig.java:1888)
		at java.base/java.util.concurrent.Executors$RunnableAdapter.call(Executors.java:539)
		at java.base/java.util.concurrent.FutureTask.run(FutureTask.java:264)
		at org.apache.tomcat.util.threads.InlineExecutorService.execute(InlineExecutorService.java:75)
		at java.base/java.util.concurrent.AbstractExecutorService.submit(AbstractExecutorService.java:123)
		at org.apache.catalina.startup.HostConfig.deployDescriptors(HostConfig.java:582)
		at org.apache.catalina.startup.HostConfig.deployApps(HostConfig.java:472)
		at org.apache.catalina.startup.HostConfig.start(HostConfig.java:1617)
		at org.apache.catalina.startup.HostConfig.lifecycleEvent(HostConfig.java:318)
		at org.apache.catalina.util.LifecycleBase.fireLifecycleEvent(LifecycleBase.java:123)
		at org.apache.catalina.util.LifecycleBase.setStateInternal(LifecycleBase.java:423)
		at org.apache.catalina.util.LifecycleBase.setState(LifecycleBase.java:366)
		at org.apache.catalina.core.ContainerBase.startInternal(ContainerBase.java:898)
		at org.apache.catalina.core.StandardHost.startInternal(StandardHost.java:795)
		at org.apache.catalina.util.LifecycleBase.start(LifecycleBase.java:183)
		at org.apache.catalina.core.ContainerBase$StartChild.call(ContainerBase.java:1332)
		at org.apache.catalina.core.ContainerBase$StartChild.call(ContainerBase.java:1322)
		at java.base/java.util.concurrent.FutureTask.run(FutureTask.java:264)
		at org.apache.tomcat.util.threads.InlineExecutorService.execute(InlineExecutorService.java:75)
		at java.base/java.util.concurrent.AbstractExecutorService.submit(AbstractExecutorService.java:145)
		at org.apache.catalina.core.ContainerBase.startInternal(ContainerBase.java:871)
		at org.apache.catalina.core.StandardEngine.startInternal(StandardEngine.java:249)
		at org.apache.catalina.util.LifecycleBase.start(LifecycleBase.java:183)
		at org.apache.catalina.core.StandardService.startInternal(StandardService.java:428)
		at org.apache.catalina.util.LifecycleBase.start(LifecycleBase.java:183)
		at org.apache.catalina.core.StandardServer.startInternal(StandardServer.java:914)
		at org.apache.catalina.util.LifecycleBase.start(LifecycleBase.java:183)
		at org.apache.catalina.startup.Catalina.start(Catalina.java:772)
		at java.base/jdk.internal.reflect.NativeMethodAccessorImpl.invoke0(Native Method)
		at java.base/jdk.internal.reflect.NativeMethodAccessorImpl.invoke(NativeMethodAccessorImpl.java:77)
		at java.base/jdk.internal.reflect.DelegatingMethodAccessorImpl.invoke(DelegatingMethodAccessorImpl.java:43)
		at java.base/java.lang.reflect.Method.invoke(Method.java:568)
		at org.apache.catalina.startup.Bootstrap.start(Bootstrap.java:347)
		at org.apache.catalina.startup.Bootstrap.main(Bootstrap.java:478)
	Caused by: java.lang.IllegalStateException: Failed to introspect Class [org.orderofthebee.addons.support.tools.share.ContentStreamer] from ClassLoader [ParallelWebappClassLoader
  context: share
  delegate: false
----------> Parent Classloader:
java.net.URLClassLoader@6d21714c
]
		at org.springframework.util.ReflectionUtils.getDeclaredMethods(ReflectionUtils.java:485)
		at org.springframework.util.ReflectionUtils.doWithLocalMethods(ReflectionUtils.java:321)
		at org.springframework.beans.factory.annotation.AutowiredAnnotationBeanPostProcessor.determineCandidateConstructors(AutowiredAnnotationBeanPostProcessor.java:267)
		... 55 more
	Caused by: java.lang.NoClassDefFoundError: org/apache/log4j/Logger
		at java.base/java.lang.Class.getDeclaredMethods0(Native Method)
		at java.base/java.lang.Class.privateGetDeclaredMethods(Class.java:3402)
		at java.base/java.lang.Class.getDeclaredMethods(Class.java:2504)
		at org.springframework.util.ReflectionUtils.getDeclaredMethods(ReflectionUtils.java:467)
		... 57 more
	Caused by: java.lang.ClassNotFoundException: org.apache.log4j.Logger
		at org.apache.catalina.loader.WebappClassLoaderBase.loadClass(WebappClassLoaderBase.java:1412)
		at org.apache.catalina.loader.WebappClassLoaderBase.loadClass(WebappClassLoaderBase.java:1220)
		... 61 more
05-Jul-2023 15:21:18.393 INFO [main] org.apache.catalina.core.ApplicationContext.log Closing Spring root WebApplicationContext
05-Jul-2023 15:34:25.563 INFO [main] org.apache.catalina.core.ApplicationContext.log No Spring WebApplicationInitializer types detected on classpath
05-Jul-2023 15:34:25.589 INFO [main] org.apache.catalina.core.ApplicationContext.log Initializing Spring root WebApplicationContext
05-Jul-2023 15:34:58.043 INFO [main] org.apache.catalina.core.ApplicationContext.log org.tuckey.web.filters.urlrewrite.UrlRewriteFilter INFO: loaded (conf ok)
05-Jul-2023 15:34:58.115 INFO [main] org.apache.catalina.core.ApplicationContext.log Initializing Spring DispatcherServlet 'Spring Surf Dispatcher Servlet'
05-Jul-2023 15:42:34.283 INFO [Thread-52] org.apache.catalina.core.ApplicationContext.log Destroying Spring FrameworkServlet 'Spring Surf Dispatcher Servlet'
05-Jul-2023 15:42:34.325 INFO [Thread-52] org.apache.catalina.core.ApplicationContext.log org.tuckey.web.filters.urlrewrite.UrlRewriteFilter INFO: destroy called
05-Jul-2023 15:42:34.353 INFO [Thread-52] org.apache.catalina.core.ApplicationContext.log Closing Spring root WebApplicationContext
05-Jul-2023 15:45:07.742 INFO [main] org.apache.catalina.core.ApplicationContext.log No Spring WebApplicationInitializer types detected on classpath
05-Jul-2023 15:45:07.763 INFO [main] org.apache.catalina.core.ApplicationContext.log Initializing Spring root WebApplicationContext
05-Jul-2023 15:45:28.031 INFO [main] org.apache.catalina.core.ApplicationContext.log org.tuckey.web.filters.urlrewrite.UrlRewriteFilter INFO: loaded (conf ok)
05-Jul-2023 15:45:28.093 INFO [main] org.apache.catalina.core.ApplicationContext.log Initializing Spring DispatcherServlet 'Spring Surf Dispatcher Servlet'
05-Jul-2023 15:51:19.938 INFO [Thread-52] org.apache.catalina.core.ApplicationContext.log Destroying Spring FrameworkServlet 'Spring Surf Dispatcher Servlet'
05-Jul-2023 15:51:19.973 INFO [Thread-52] org.apache.catalina.core.ApplicationContext.log org.tuckey.web.filters.urlrewrite.UrlRewriteFilter INFO: destroy called
05-Jul-2023 15:51:19.985 INFO [Thread-52] org.apache.catalina.core.ApplicationContext.log Closing Spring root WebApplicationContext
