07-Jul-2023 12:42:33.761 INFO [main] org.apache.catalina.core.ApplicationContext.log No Spring WebApplicationInitializer types detected on classpath
07-Jul-2023 12:42:33.783 INFO [main] org.apache.catalina.core.ApplicationContext.log Initializing Spring root WebApplicationContext
07-Jul-2023 12:42:58.147 INFO [main] org.apache.catalina.core.ApplicationContext.log org.tuckey.web.filters.urlrewrite.UrlRewriteFilter INFO: loaded (conf ok)
07-Jul-2023 12:42:58.213 INFO [main] org.apache.catalina.core.ApplicationContext.log Initializing Spring DispatcherServlet 'Spring Surf Dispatcher Servlet'
07-Jul-2023 12:43:05.970 INFO [main] org.apache.catalina.core.ApplicationContext.log No Spring WebApplicationInitializer types detected on classpath
07-Jul-2023 12:43:06.033 INFO [main] org.apache.catalina.core.ApplicationContext.log Initializing Spring root WebApplicationContext
07-Jul-2023 12:43:11.589 INFO [main] org.apache.catalina.core.ApplicationContext.log Initializing Spring FrameworkServlet 'alfreservices'
07-Jul-2023 12:59:24.112 INFO [main] org.apache.catalina.core.ApplicationContext.log Destroying Spring FrameworkServlet 'Spring Surf Dispatcher Servlet'
07-Jul-2023 13:05:17.377 INFO [main] org.apache.catalina.core.ApplicationContext.log No Spring WebApplicationInitializer types detected on classpath
07-Jul-2023 13:05:17.410 INFO [main] org.apache.catalina.core.ApplicationContext.log Initializing Spring root WebApplicationContext
07-Jul-2023 13:05:58.625 INFO [main] org.apache.catalina.core.ApplicationContext.log org.tuckey.web.filters.urlrewrite.UrlRewriteFilter INFO: loaded (conf ok)
07-Jul-2023 13:05:58.682 INFO [main] org.apache.catalina.core.ApplicationContext.log Initializing Spring DispatcherServlet 'Spring Surf Dispatcher Servlet'
07-Jul-2023 13:06:02.267 INFO [main] org.apache.catalina.core.ApplicationContext.log No Spring WebApplicationInitializer types detected on classpath
07-Jul-2023 13:06:02.324 INFO [main] org.apache.catalina.core.ApplicationContext.log Initializing Spring root WebApplicationContext
07-Jul-2023 13:06:08.494 INFO [main] org.apache.catalina.core.ApplicationContext.log Initializing Spring FrameworkServlet 'alfreservices'
07-Jul-2023 14:03:11.117 SEVERE [http-nio-8080-exec-1] org.apache.catalina.core.StandardWrapperValve.invoke Servlet.service() for servlet [alfreservices] in context with path [/alfrescoServices] threw exception [Request processing failed; nested exception is org.springframework.http.converter.HttpMessageNotReadableException: Could not read document: java.net.SocketException: Connection reset; nested exception is org.apache.catalina.connector.ClientAbortException: java.net.SocketException: Connection reset] with root cause
	java.net.SocketException: Connection reset
		at java.base/sun.nio.ch.SocketChannelImpl.throwConnectionReset(SocketChannelImpl.java:394)
		at java.base/sun.nio.ch.SocketChannelImpl.read(SocketChannelImpl.java:426)
		at org.apache.tomcat.util.net.NioChannel.read(NioChannel.java:161)
		at org.apache.tomcat.util.net.NioEndpoint$NioSocketWrapper.fillReadBuffer(NioEndpoint.java:1320)
		at org.apache.tomcat.util.net.NioEndpoint$NioSocketWrapper.read(NioEndpoint.java:1234)
		at org.apache.coyote.http11.Http11InputBuffer.fill(Http11InputBuffer.java:785)
		at org.apache.coyote.http11.Http11InputBuffer.access$400(Http11InputBuffer.java:41)
		at org.apache.coyote.http11.Http11InputBuffer$SocketInputBuffer.doRead(Http11InputBuffer.java:1185)
		at org.apache.coyote.http11.filters.IdentityInputFilter.doRead(IdentityInputFilter.java:97)
		at org.apache.coyote.http11.Http11InputBuffer.doRead(Http11InputBuffer.java:244)
		at org.apache.coyote.Request.doRead(Request.java:619)
		at org.apache.catalina.connector.InputBuffer.realReadBytes(InputBuffer.java:313)
		at org.apache.catalina.connector.InputBuffer.checkByteBufferEof(InputBuffer.java:596)
		at org.apache.catalina.connector.InputBuffer.read(InputBuffer.java:336)
		at org.apache.catalina.connector.CoyoteInputStream.read(CoyoteInputStream.java:131)
		at java.base/java.io.FilterInputStream.read(FilterInputStream.java:132)
		at java.base/java.io.PushbackInputStream.read(PushbackInputStream.java:182)
		at com.fasterxml.jackson.core.json.UTF8StreamJsonParser.loadMore(UTF8StreamJsonParser.java:180)
		at com.fasterxml.jackson.core.base.ParserBase.loadMoreGuaranteed(ParserBase.java:460)
		at com.fasterxml.jackson.core.json.UTF8StreamJsonParser._finishString2(UTF8StreamJsonParser.java:2306)
		at com.fasterxml.jackson.core.json.UTF8StreamJsonParser._finishString(UTF8StreamJsonParser.java:2287)
		at com.fasterxml.jackson.core.json.UTF8StreamJsonParser.getText(UTF8StreamJsonParser.java:286)
		at com.fasterxml.jackson.databind.deser.std.StringDeserializer.deserialize(StringDeserializer.java:29)
		at com.fasterxml.jackson.databind.deser.std.StringDeserializer.deserialize(StringDeserializer.java:12)
		at com.fasterxml.jackson.databind.deser.SettableBeanProperty.deserialize(SettableBeanProperty.java:523)
		at com.fasterxml.jackson.databind.deser.impl.MethodProperty.deserializeAndSet(MethodProperty.java:95)
		at com.fasterxml.jackson.databind.deser.impl.BeanPropertyMap.findDeserializeAndSet(BeanPropertyMap.java:285)
		at com.fasterxml.jackson.databind.deser.BeanDeserializer.deserializeFromObject(BeanDeserializer.java:335)
		at com.fasterxml.jackson.databind.deser.BeanDeserializer.deserialize(BeanDeserializer.java:142)
		at com.fasterxml.jackson.databind.ObjectMapper._readMapAndClose(ObjectMapper.java:3562)
		at com.fasterxml.jackson.databind.ObjectMapper.readValue(ObjectMapper.java:2662)
		at org.springframework.http.converter.json.AbstractJackson2HttpMessageConverter.readJavaType(AbstractJackson2HttpMessageConverter.java:221)
		at org.springframework.http.converter.json.AbstractJackson2HttpMessageConverter.read(AbstractJackson2HttpMessageConverter.java:208)
		at org.springframework.web.servlet.mvc.method.annotation.AbstractMessageConverterMethodArgumentResolver.readWithMessageConverters(AbstractMessageConverterMethodArgumentResolver.java:193)
		at org.springframework.web.servlet.mvc.method.annotation.RequestResponseBodyMethodProcessor.readWithMessageConverters(RequestResponseBodyMethodProcessor.java:148)
		at org.springframework.web.servlet.mvc.method.annotation.RequestResponseBodyMethodProcessor.resolveArgument(RequestResponseBodyMethodProcessor.java:125)
		at org.springframework.web.method.support.HandlerMethodArgumentResolverComposite.resolveArgument(HandlerMethodArgumentResolverComposite.java:78)
		at org.springframework.web.method.support.InvocableHandlerMethod.getMethodArgumentValues(InvocableHandlerMethod.java:162)
		at org.springframework.web.method.support.InvocableHandlerMethod.invokeForRequest(InvocableHandlerMethod.java:129)
		at org.springframework.web.servlet.mvc.method.annotation.ServletInvocableHandlerMethod.invokeAndHandle(ServletInvocableHandlerMethod.java:111)
		at org.springframework.web.servlet.mvc.method.annotation.RequestMappingHandlerAdapter.invokeHandlerMethod(RequestMappingHandlerAdapter.java:806)
		at org.springframework.web.servlet.mvc.method.annotation.RequestMappingHandlerAdapter.handleInternal(RequestMappingHandlerAdapter.java:729)
		at org.springframework.web.servlet.mvc.method.AbstractHandlerMethodAdapter.handle(AbstractHandlerMethodAdapter.java:85)
		at org.springframework.web.servlet.DispatcherServlet.doDispatch(DispatcherServlet.java:959)
		at org.springframework.web.servlet.DispatcherServlet.doService(DispatcherServlet.java:893)
		at org.springframework.web.servlet.FrameworkServlet.processRequest(FrameworkServlet.java:970)
		at org.springframework.web.servlet.FrameworkServlet.doPost(FrameworkServlet.java:872)
		at javax.servlet.http.HttpServlet.service(HttpServlet.java:555)
		at org.springframework.web.servlet.FrameworkServlet.service(FrameworkServlet.java:846)
		at javax.servlet.http.HttpServlet.service(HttpServlet.java:623)
		at org.apache.catalina.core.ApplicationFilterChain.internalDoFilter(ApplicationFilterChain.java:209)
		at org.apache.catalina.core.ApplicationFilterChain.doFilter(ApplicationFilterChain.java:153)
		at org.apache.tomcat.websocket.server.WsFilter.doFilter(WsFilter.java:51)
		at org.apache.catalina.core.ApplicationFilterChain.internalDoFilter(ApplicationFilterChain.java:178)
		at org.apache.catalina.core.ApplicationFilterChain.doFilter(ApplicationFilterChain.java:153)
		at org.apache.catalina.core.StandardWrapperValve.invoke(StandardWrapperValve.java:167)
		at org.apache.catalina.core.StandardContextValve.invoke(StandardContextValve.java:90)
		at org.apache.catalina.authenticator.AuthenticatorBase.invoke(AuthenticatorBase.java:481)
		at org.apache.catalina.core.StandardHostValve.invoke(StandardHostValve.java:130)
		at org.apache.catalina.valves.ErrorReportValve.invoke(ErrorReportValve.java:93)
		at org.apache.catalina.valves.AbstractAccessLogValve.invoke(AbstractAccessLogValve.java:673)
		at org.apache.catalina.core.StandardEngineValve.invoke(StandardEngineValve.java:74)
		at org.apache.catalina.connector.CoyoteAdapter.service(CoyoteAdapter.java:343)
		at org.apache.coyote.http11.Http11Processor.service(Http11Processor.java:390)
		at org.apache.coyote.AbstractProcessorLight.process(AbstractProcessorLight.java:63)
		at org.apache.coyote.AbstractProtocol$ConnectionHandler.process(AbstractProtocol.java:926)
		at org.apache.tomcat.util.net.NioEndpoint$SocketProcessor.doRun(NioEndpoint.java:1791)
		at org.apache.tomcat.util.net.SocketProcessorBase.run(SocketProcessorBase.java:52)
		at org.apache.tomcat.util.threads.ThreadPoolExecutor.runWorker(ThreadPoolExecutor.java:1191)
		at org.apache.tomcat.util.threads.ThreadPoolExecutor$Worker.run(ThreadPoolExecutor.java:659)
		at org.apache.tomcat.util.threads.TaskThread$WrappingRunnable.run(TaskThread.java:61)
		at java.base/java.lang.Thread.run(Thread.java:833)
07-Jul-2023 14:04:19.168 SEVERE [http-nio-8080-exec-3] org.apache.catalina.core.StandardWrapperValve.invoke Servlet.service() for servlet [alfreservices] in context with path [/alfrescoServices] threw exception [Request processing failed; nested exception is org.apache.chemistry.opencmis.commons.exceptions.CmisObjectNotFoundException: Type 'D:skyplus:memberDocType' is unknown!] with root cause
	org.apache.chemistry.opencmis.commons.exceptions.CmisObjectNotFoundException: Type 'D:skyplus:memberDocType' is unknown!
		at org.apache.chemistry.opencmis.client.bindings.spi.atompub.AbstractAtomPubService.convertStatusCode(AbstractAtomPubService.java:432)
		at org.apache.chemistry.opencmis.client.bindings.spi.atompub.AbstractAtomPubService.read(AbstractAtomPubService.java:554)
		at org.apache.chemistry.opencmis.client.bindings.spi.atompub.AbstractAtomPubService.getTypeDefinitionInternal(AbstractAtomPubService.java:821)
		at org.apache.chemistry.opencmis.client.bindings.spi.atompub.RepositoryServiceImpl.getTypeDefinition(RepositoryServiceImpl.java:80)
		at org.apache.chemistry.opencmis.client.bindings.impl.RepositoryServiceImpl.getTypeDefinition(RepositoryServiceImpl.java:137)
		at org.apache.chemistry.opencmis.client.runtime.SessionImpl.getTypeDefinition(SessionImpl.java:508)
		at org.alfresco.cmis.client.impl.AlfrescoObjectFactoryImpl.convertProperties(AlfrescoObjectFactoryImpl.java:100)
		at org.apache.chemistry.opencmis.client.runtime.SessionImpl.createDocument(SessionImpl.java:716)
		at org.apache.chemistry.opencmis.client.runtime.FolderImpl.createDocument(FolderImpl.java:88)
		at com.turnkeyafrica.services.TOWER.DocAlfrescoServiceTowerImpl.uploadBoardMemberFile(DocAlfrescoServiceTowerImpl.java:173)
		at com.turnkeyafrica.services.TOWER.DocAlfrescoServiceTowerImpl.uploadCustomerDocs(DocAlfrescoServiceTowerImpl.java:527)
		at com.turnkeyafrica.services.controller.TowerController.uploadCustomerDocument(TowerController.java:108)
		at java.base/jdk.internal.reflect.NativeMethodAccessorImpl.invoke0(Native Method)
		at java.base/jdk.internal.reflect.NativeMethodAccessorImpl.invoke(NativeMethodAccessorImpl.java:77)
		at java.base/jdk.internal.reflect.DelegatingMethodAccessorImpl.invoke(DelegatingMethodAccessorImpl.java:43)
		at java.base/java.lang.reflect.Method.invoke(Method.java:568)
		at org.springframework.web.method.support.InvocableHandlerMethod.doInvoke(InvocableHandlerMethod.java:221)
		at org.springframework.web.method.support.InvocableHandlerMethod.invokeForRequest(InvocableHandlerMethod.java:137)
		at org.springframework.web.servlet.mvc.method.annotation.ServletInvocableHandlerMethod.invokeAndHandle(ServletInvocableHandlerMethod.java:111)
		at org.springframework.web.servlet.mvc.method.annotation.RequestMappingHandlerAdapter.invokeHandlerMethod(RequestMappingHandlerAdapter.java:806)
		at org.springframework.web.servlet.mvc.method.annotation.RequestMappingHandlerAdapter.handleInternal(RequestMappingHandlerAdapter.java:729)
		at org.springframework.web.servlet.mvc.method.AbstractHandlerMethodAdapter.handle(AbstractHandlerMethodAdapter.java:85)
		at org.springframework.web.servlet.DispatcherServlet.doDispatch(DispatcherServlet.java:959)
		at org.springframework.web.servlet.DispatcherServlet.doService(DispatcherServlet.java:893)
		at org.springframework.web.servlet.FrameworkServlet.processRequest(FrameworkServlet.java:970)
		at org.springframework.web.servlet.FrameworkServlet.doPost(FrameworkServlet.java:872)
		at javax.servlet.http.HttpServlet.service(HttpServlet.java:555)
		at org.springframework.web.servlet.FrameworkServlet.service(FrameworkServlet.java:846)
		at javax.servlet.http.HttpServlet.service(HttpServlet.java:623)
		at org.apache.catalina.core.ApplicationFilterChain.internalDoFilter(ApplicationFilterChain.java:209)
		at org.apache.catalina.core.ApplicationFilterChain.doFilter(ApplicationFilterChain.java:153)
		at org.apache.tomcat.websocket.server.WsFilter.doFilter(WsFilter.java:51)
		at org.apache.catalina.core.ApplicationFilterChain.internalDoFilter(ApplicationFilterChain.java:178)
		at org.apache.catalina.core.ApplicationFilterChain.doFilter(ApplicationFilterChain.java:153)
		at org.apache.catalina.core.StandardWrapperValve.invoke(StandardWrapperValve.java:167)
		at org.apache.catalina.core.StandardContextValve.invoke(StandardContextValve.java:90)
		at org.apache.catalina.authenticator.AuthenticatorBase.invoke(AuthenticatorBase.java:481)
		at org.apache.catalina.core.StandardHostValve.invoke(StandardHostValve.java:130)
		at org.apache.catalina.valves.ErrorReportValve.invoke(ErrorReportValve.java:93)
		at org.apache.catalina.valves.AbstractAccessLogValve.invoke(AbstractAccessLogValve.java:673)
		at org.apache.catalina.core.StandardEngineValve.invoke(StandardEngineValve.java:74)
		at org.apache.catalina.connector.CoyoteAdapter.service(CoyoteAdapter.java:343)
		at org.apache.coyote.http11.Http11Processor.service(Http11Processor.java:390)
		at org.apache.coyote.AbstractProcessorLight.process(AbstractProcessorLight.java:63)
		at org.apache.coyote.AbstractProtocol$ConnectionHandler.process(AbstractProtocol.java:926)
		at org.apache.tomcat.util.net.NioEndpoint$SocketProcessor.doRun(NioEndpoint.java:1791)
		at org.apache.tomcat.util.net.SocketProcessorBase.run(SocketProcessorBase.java:52)
		at org.apache.tomcat.util.threads.ThreadPoolExecutor.runWorker(ThreadPoolExecutor.java:1191)
		at org.apache.tomcat.util.threads.ThreadPoolExecutor$Worker.run(ThreadPoolExecutor.java:659)
		at org.apache.tomcat.util.threads.TaskThread$WrappingRunnable.run(TaskThread.java:61)
		at java.base/java.lang.Thread.run(Thread.java:833)
07-Jul-2023 14:11:22.230 INFO [Thread-52] org.apache.catalina.core.ApplicationContext.log Destroying Spring FrameworkServlet 'Spring Surf Dispatcher Servlet'
07-Jul-2023 14:11:22.350 INFO [Thread-52] org.apache.catalina.core.ApplicationContext.log org.tuckey.web.filters.urlrewrite.UrlRewriteFilter INFO: destroy called
07-Jul-2023 14:11:22.501 INFO [Thread-52] org.apache.catalina.core.ApplicationContext.log Closing Spring root WebApplicationContext
07-Jul-2023 14:11:23.010 INFO [Thread-52] org.apache.catalina.core.ApplicationContext.log Destroying Spring FrameworkServlet 'alfreservices'
07-Jul-2023 14:11:23.052 INFO [Thread-52] org.apache.catalina.core.ApplicationContext.log Closing Spring root WebApplicationContext
07-Jul-2023 14:14:54.993 INFO [main] org.apache.catalina.core.ApplicationContext.log No Spring WebApplicationInitializer types detected on classpath
07-Jul-2023 14:14:55.026 INFO [main] org.apache.catalina.core.ApplicationContext.log Initializing Spring root WebApplicationContext
07-Jul-2023 14:15:36.955 INFO [main] org.apache.catalina.core.ApplicationContext.log org.tuckey.web.filters.urlrewrite.UrlRewriteFilter INFO: loaded (conf ok)
07-Jul-2023 14:15:37.006 INFO [main] org.apache.catalina.core.ApplicationContext.log Initializing Spring DispatcherServlet 'Spring Surf Dispatcher Servlet'
07-Jul-2023 14:15:40.873 INFO [main] org.apache.catalina.core.ApplicationContext.log No Spring WebApplicationInitializer types detected on classpath
07-Jul-2023 14:15:40.948 INFO [main] org.apache.catalina.core.ApplicationContext.log Initializing Spring root WebApplicationContext
07-Jul-2023 14:15:52.660 INFO [main] org.apache.catalina.core.ApplicationContext.log Initializing Spring FrameworkServlet 'alfreservices'
